<?xml version="1.0" encoding="UTF-8"?>
<testsuite xmlns:xsi="http://www.w3.org/2001/XMLSchema-instance" xsi:noNamespaceSchemaLocation="https://maven.apache.org/surefire/maven-surefire-plugin/xsd/surefire-test-report-3.0.xsd" version="3.0" name="com.lukeware.application.ApplicationTest" time="3.328" tests="1" errors="0" skipped="0" failures="0">
  <properties>
    <property name="java.specification.version" value="17"/>
    <property name="sun.jnu.encoding" value="UTF-8"/>
    <property name="java.class.path" value="/Users/diegomorais/workspace/poc/lab/back-end-lw-account-holder/application/target/test-classes:/Users/diegomorais/workspace/poc/lab/back-end-lw-account-holder/application/target/classes:/Users/diegomorais/workspace/poc/lab/back-end-lw-account-holder/controllers/target/controllers-0.1.0-SNAPSHOT.jar:/Users/diegomorais/workspace/poc/lab/back-end-lw-account-holder/usecases/target/usecases-0.1.0-SNAPSHOT.jar:/Users/diegomorais/workspace/poc/lab/back-end-lw-account-holder/entities/target/entities-0.1.0-SNAPSHOT.jar:/Users/diegomorais/workspace/poc/lab/back-end-lw-account-holder/presenters/target/presenters-0.1.0-SNAPSHOT.jar:/Users/diegomorais/workspace/poc/lab/back-end-lw-account-holder/apigateway/target/apigateway-0.1.0-SNAPSHOT.jar:/Users/diegomorais/.m2/repository/org/springframework/boot/spring-boot-starter-web/2.6.3/spring-boot-starter-web-2.6.3.jar:/Users/diegomorais/.m2/repository/org/springframework/boot/spring-boot-starter/2.6.3/spring-boot-starter-2.6.3.jar:/Users/diegomorais/.m2/repository/org/springframework/boot/spring-boot-autoconfigure/2.6.3/spring-boot-autoconfigure-2.6.3.jar:/Users/diegomorais/.m2/repository/org/springframework/boot/spring-boot-starter-logging/2.6.3/spring-boot-starter-logging-2.6.3.jar:/Users/diegomorais/.m2/repository/ch/qos/logback/logback-classic/1.2.10/logback-classic-1.2.10.jar:/Users/diegomorais/.m2/repository/ch/qos/logback/logback-core/1.2.10/logback-core-1.2.10.jar:/Users/diegomorais/.m2/repository/org/slf4j/slf4j-api/1.7.33/slf4j-api-1.7.33.jar:/Users/diegomorais/.m2/repository/org/apache/logging/log4j/log4j-to-slf4j/2.17.1/log4j-to-slf4j-2.17.1.jar:/Users/diegomorais/.m2/repository/org/apache/logging/log4j/log4j-api/2.17.1/log4j-api-2.17.1.jar:/Users/diegomorais/.m2/repository/org/slf4j/jul-to-slf4j/1.7.33/jul-to-slf4j-1.7.33.jar:/Users/diegomorais/.m2/repository/jakarta/annotation/jakarta.annotation-api/1.3.5/jakarta.annotation-api-1.3.5.jar:/Users/diegomorais/.m2/repository/org/yaml/snakeyaml/1.29/snakeyaml-1.29.jar:/Users/diegomorais/.m2/repository/org/springframework/boot/spring-boot-starter-json/2.6.3/spring-boot-starter-json-2.6.3.jar:/Users/diegomorais/.m2/repository/com/fasterxml/jackson/core/jackson-databind/2.13.1/jackson-databind-2.13.1.jar:/Users/diegomorais/.m2/repository/com/fasterxml/jackson/core/jackson-annotations/2.13.1/jackson-annotations-2.13.1.jar:/Users/diegomorais/.m2/repository/com/fasterxml/jackson/core/jackson-core/2.13.1/jackson-core-2.13.1.jar:/Users/diegomorais/.m2/repository/com/fasterxml/jackson/datatype/jackson-datatype-jdk8/2.13.1/jackson-datatype-jdk8-2.13.1.jar:/Users/diegomorais/.m2/repository/com/fasterxml/jackson/datatype/jackson-datatype-jsr310/2.13.1/jackson-datatype-jsr310-2.13.1.jar:/Users/diegomorais/.m2/repository/com/fasterxml/jackson/module/jackson-module-parameter-names/2.13.1/jackson-module-parameter-names-2.13.1.jar:/Users/diegomorais/.m2/repository/org/springframework/boot/spring-boot-starter-tomcat/2.6.3/spring-boot-starter-tomcat-2.6.3.jar:/Users/diegomorais/.m2/repository/org/apache/tomcat/embed/tomcat-embed-core/9.0.56/tomcat-embed-core-9.0.56.jar:/Users/diegomorais/.m2/repository/org/apache/tomcat/embed/tomcat-embed-el/9.0.56/tomcat-embed-el-9.0.56.jar:/Users/diegomorais/.m2/repository/org/apache/tomcat/embed/tomcat-embed-websocket/9.0.56/tomcat-embed-websocket-9.0.56.jar:/Users/diegomorais/.m2/repository/org/springframework/spring-web/5.3.15/spring-web-5.3.15.jar:/Users/diegomorais/.m2/repository/org/springframework/spring-beans/5.3.15/spring-beans-5.3.15.jar:/Users/diegomorais/.m2/repository/org/springframework/spring-webmvc/5.3.15/spring-webmvc-5.3.15.jar:/Users/diegomorais/.m2/repository/org/springframework/spring-aop/5.3.15/spring-aop-5.3.15.jar:/Users/diegomorais/.m2/repository/org/springframework/spring-context/5.3.15/spring-context-5.3.15.jar:/Users/diegomorais/.m2/repository/org/springframework/spring-expression/5.3.15/spring-expression-5.3.15.jar:/Users/diegomorais/.m2/repository/org/springframework/spring-test/5.3.15/spring-test-5.3.15.jar:/Users/diegomorais/.m2/repository/org/springframework/spring-core/5.3.15/spring-core-5.3.15.jar:/Users/diegomorais/.m2/repository/org/springframework/spring-jcl/5.3.15/spring-jcl-5.3.15.jar:/Users/diegomorais/.m2/repository/org/springframework/boot/spring-boot-test/2.6.3/spring-boot-test-2.6.3.jar:/Users/diegomorais/.m2/repository/org/springframework/boot/spring-boot/2.6.3/spring-boot-2.6.3.jar:/Users/diegomorais/.m2/repository/org/junit/jupiter/junit-jupiter-engine/5.8.2/junit-jupiter-engine-5.8.2.jar:/Users/diegomorais/.m2/repository/org/junit/platform/junit-platform-engine/1.8.2/junit-platform-engine-1.8.2.jar:/Users/diegomorais/.m2/repository/org/opentest4j/opentest4j/1.2.0/opentest4j-1.2.0.jar:/Users/diegomorais/.m2/repository/org/junit/platform/junit-platform-commons/1.8.2/junit-platform-commons-1.8.2.jar:/Users/diegomorais/.m2/repository/org/junit/jupiter/junit-jupiter-api/5.8.2/junit-jupiter-api-5.8.2.jar:/Users/diegomorais/.m2/repository/org/apiguardian/apiguardian-api/1.1.2/apiguardian-api-1.1.2.jar:/Users/diegomorais/.m2/repository/org/assertj/assertj-core/3.22.0/assertj-core-3.22.0.jar:/Users/diegomorais/.m2/repository/org/mockito/mockito-junit-jupiter/4.3.0/mockito-junit-jupiter-4.3.0.jar:/Users/diegomorais/.m2/repository/org/mockito/mockito-core/4.0.0/mockito-core-4.0.0.jar:/Users/diegomorais/.m2/repository/net/bytebuddy/byte-buddy/1.11.22/byte-buddy-1.11.22.jar:/Users/diegomorais/.m2/repository/net/bytebuddy/byte-buddy-agent/1.11.22/byte-buddy-agent-1.11.22.jar:/Users/diegomorais/.m2/repository/org/objenesis/objenesis/3.2/objenesis-3.2.jar:"/>
    <property name="java.vm.vendor" value="Amazon.com Inc."/>
    <property name="sun.arch.data.model" value="64"/>
    <property name="catalina.useNaming" value="false"/>
    <property name="java.vendor.url" value="https://aws.amazon.com/corretto/"/>
    <property name="user.timezone" value="America/Sao_Paulo"/>
    <property name="os.name" value="Mac OS X"/>
    <property name="java.vm.specification.version" value="17"/>
    <property name="sun.java.launcher" value="SUN_STANDARD"/>
    <property name="user.country" value="BR"/>
    <property name="sun.boot.library.path" value="/Users/diegomorais/Library/Java/JavaVirtualMachines/corretto-17.0.2/Contents/Home/lib"/>
    <property name="sun.java.command" value="/Users/diegomorais/workspace/poc/lab/back-end-lw-account-holder/application/target/surefire/surefirebooter1487859627351702061.jar /Users/diegomorais/workspace/poc/lab/back-end-lw-account-holder/application/target/surefire 2022-01-27T15-03-35_658-jvmRun1 surefire6087147383135628188tmp surefire_52310746962627601754tmp"/>
    <property name="http.nonProxyHosts" value="local|*.local|169.254/16|*.169.254/16"/>
    <property name="jdk.debug" value="release"/>
    <property name="surefire.test.class.path" value="/Users/diegomorais/workspace/poc/lab/back-end-lw-account-holder/application/target/test-classes:/Users/diegomorais/workspace/poc/lab/back-end-lw-account-holder/application/target/classes:/Users/diegomorais/workspace/poc/lab/back-end-lw-account-holder/controllers/target/controllers-0.1.0-SNAPSHOT.jar:/Users/diegomorais/workspace/poc/lab/back-end-lw-account-holder/usecases/target/usecases-0.1.0-SNAPSHOT.jar:/Users/diegomorais/workspace/poc/lab/back-end-lw-account-holder/entities/target/entities-0.1.0-SNAPSHOT.jar:/Users/diegomorais/workspace/poc/lab/back-end-lw-account-holder/presenters/target/presenters-0.1.0-SNAPSHOT.jar:/Users/diegomorais/workspace/poc/lab/back-end-lw-account-holder/apigateway/target/apigateway-0.1.0-SNAPSHOT.jar:/Users/diegomorais/.m2/repository/org/springframework/boot/spring-boot-starter-web/2.6.3/spring-boot-starter-web-2.6.3.jar:/Users/diegomorais/.m2/repository/org/springframework/boot/spring-boot-starter/2.6.3/spring-boot-starter-2.6.3.jar:/Users/diegomorais/.m2/repository/org/springframework/boot/spring-boot-autoconfigure/2.6.3/spring-boot-autoconfigure-2.6.3.jar:/Users/diegomorais/.m2/repository/org/springframework/boot/spring-boot-starter-logging/2.6.3/spring-boot-starter-logging-2.6.3.jar:/Users/diegomorais/.m2/repository/ch/qos/logback/logback-classic/1.2.10/logback-classic-1.2.10.jar:/Users/diegomorais/.m2/repository/ch/qos/logback/logback-core/1.2.10/logback-core-1.2.10.jar:/Users/diegomorais/.m2/repository/org/slf4j/slf4j-api/1.7.33/slf4j-api-1.7.33.jar:/Users/diegomorais/.m2/repository/org/apache/logging/log4j/log4j-to-slf4j/2.17.1/log4j-to-slf4j-2.17.1.jar:/Users/diegomorais/.m2/repository/org/apache/logging/log4j/log4j-api/2.17.1/log4j-api-2.17.1.jar:/Users/diegomorais/.m2/repository/org/slf4j/jul-to-slf4j/1.7.33/jul-to-slf4j-1.7.33.jar:/Users/diegomorais/.m2/repository/jakarta/annotation/jakarta.annotation-api/1.3.5/jakarta.annotation-api-1.3.5.jar:/Users/diegomorais/.m2/repository/org/yaml/snakeyaml/1.29/snakeyaml-1.29.jar:/Users/diegomorais/.m2/repository/org/springframework/boot/spring-boot-starter-json/2.6.3/spring-boot-starter-json-2.6.3.jar:/Users/diegomorais/.m2/repository/com/fasterxml/jackson/core/jackson-databind/2.13.1/jackson-databind-2.13.1.jar:/Users/diegomorais/.m2/repository/com/fasterxml/jackson/core/jackson-annotations/2.13.1/jackson-annotations-2.13.1.jar:/Users/diegomorais/.m2/repository/com/fasterxml/jackson/core/jackson-core/2.13.1/jackson-core-2.13.1.jar:/Users/diegomorais/.m2/repository/com/fasterxml/jackson/datatype/jackson-datatype-jdk8/2.13.1/jackson-datatype-jdk8-2.13.1.jar:/Users/diegomorais/.m2/repository/com/fasterxml/jackson/datatype/jackson-datatype-jsr310/2.13.1/jackson-datatype-jsr310-2.13.1.jar:/Users/diegomorais/.m2/repository/com/fasterxml/jackson/module/jackson-module-parameter-names/2.13.1/jackson-module-parameter-names-2.13.1.jar:/Users/diegomorais/.m2/repository/org/springframework/boot/spring-boot-starter-tomcat/2.6.3/spring-boot-starter-tomcat-2.6.3.jar:/Users/diegomorais/.m2/repository/org/apache/tomcat/embed/tomcat-embed-core/9.0.56/tomcat-embed-core-9.0.56.jar:/Users/diegomorais/.m2/repository/org/apache/tomcat/embed/tomcat-embed-el/9.0.56/tomcat-embed-el-9.0.56.jar:/Users/diegomorais/.m2/repository/org/apache/tomcat/embed/tomcat-embed-websocket/9.0.56/tomcat-embed-websocket-9.0.56.jar:/Users/diegomorais/.m2/repository/org/springframework/spring-web/5.3.15/spring-web-5.3.15.jar:/Users/diegomorais/.m2/repository/org/springframework/spring-beans/5.3.15/spring-beans-5.3.15.jar:/Users/diegomorais/.m2/repository/org/springframework/spring-webmvc/5.3.15/spring-webmvc-5.3.15.jar:/Users/diegomorais/.m2/repository/org/springframework/spring-aop/5.3.15/spring-aop-5.3.15.jar:/Users/diegomorais/.m2/repository/org/springframework/spring-context/5.3.15/spring-context-5.3.15.jar:/Users/diegomorais/.m2/repository/org/springframework/spring-expression/5.3.15/spring-expression-5.3.15.jar:/Users/diegomorais/.m2/repository/org/springframework/spring-test/5.3.15/spring-test-5.3.15.jar:/Users/diegomorais/.m2/repository/org/springframework/spring-core/5.3.15/spring-core-5.3.15.jar:/Users/diegomorais/.m2/repository/org/springframework/spring-jcl/5.3.15/spring-jcl-5.3.15.jar:/Users/diegomorais/.m2/repository/org/springframework/boot/spring-boot-test/2.6.3/spring-boot-test-2.6.3.jar:/Users/diegomorais/.m2/repository/org/springframework/boot/spring-boot/2.6.3/spring-boot-2.6.3.jar:/Users/diegomorais/.m2/repository/org/junit/jupiter/junit-jupiter-engine/5.8.2/junit-jupiter-engine-5.8.2.jar:/Users/diegomorais/.m2/repository/org/junit/platform/junit-platform-engine/1.8.2/junit-platform-engine-1.8.2.jar:/Users/diegomorais/.m2/repository/org/opentest4j/opentest4j/1.2.0/opentest4j-1.2.0.jar:/Users/diegomorais/.m2/repository/org/junit/platform/junit-platform-commons/1.8.2/junit-platform-commons-1.8.2.jar:/Users/diegomorais/.m2/repository/org/junit/jupiter/junit-jupiter-api/5.8.2/junit-jupiter-api-5.8.2.jar:/Users/diegomorais/.m2/repository/org/apiguardian/apiguardian-api/1.1.2/apiguardian-api-1.1.2.jar:/Users/diegomorais/.m2/repository/org/assertj/assertj-core/3.22.0/assertj-core-3.22.0.jar:/Users/diegomorais/.m2/repository/org/mockito/mockito-junit-jupiter/4.3.0/mockito-junit-jupiter-4.3.0.jar:/Users/diegomorais/.m2/repository/org/mockito/mockito-core/4.0.0/mockito-core-4.0.0.jar:/Users/diegomorais/.m2/repository/net/bytebuddy/byte-buddy/1.11.22/byte-buddy-1.11.22.jar:/Users/diegomorais/.m2/repository/net/bytebuddy/byte-buddy-agent/1.11.22/byte-buddy-agent-1.11.22.jar:/Users/diegomorais/.m2/repository/org/objenesis/objenesis/3.2/objenesis-3.2.jar:"/>
    <property name="sun.cpu.endian" value="little"/>
    <property name="user.home" value="/Users/diegomorais"/>
    <property name="user.language" value="en"/>
    <property name="java.specification.vendor" value="Oracle Corporation"/>
    <property name="java.version.date" value="2022-01-18"/>
    <property name="java.home" value="/Users/diegomorais/Library/Java/JavaVirtualMachines/corretto-17.0.2/Contents/Home"/>
    <property name="file.separator" value="/"/>
    <property name="basedir" value="/Users/diegomorais/workspace/poc/lab/back-end-lw-account-holder/application"/>
    <property name="java.vm.compressedOopsMode" value="Zero based"/>
    <property name="line.separator" value="&#10;"/>
    <property name="java.vm.specification.vendor" value="Oracle Corporation"/>
    <property name="java.specification.name" value="Java Platform API Specification"/>
    <property name="FILE_LOG_CHARSET" value="UTF-8"/>
    <property name="java.awt.headless" value="true"/>
    <property name="surefire.real.class.path" value="/Users/diegomorais/workspace/poc/lab/back-end-lw-account-holder/application/target/surefire/surefirebooter1487859627351702061.jar"/>
    <property name="sun.management.compiler" value="HotSpot 64-Bit Tiered Compilers"/>
    <property name="ftp.nonProxyHosts" value="local|*.local|169.254/16|*.169.254/16"/>
    <property name="java.runtime.version" value="17.0.2+8-LTS"/>
    <property name="user.name" value="diegomorais"/>
    <property name="path.separator" value=":"/>
    <property name="os.version" value="10.15.7"/>
    <property name="java.runtime.name" value="OpenJDK Runtime Environment"/>
    <property name="file.encoding" value="UTF-8"/>
    <property name="spring.beaninfo.ignore" value="true"/>
    <property name="java.vm.name" value="OpenJDK 64-Bit Server VM"/>
    <property name="java.vendor.version" value="Corretto-17.0.2.8.1"/>
    <property name="localRepository" value="/Users/diegomorais/.m2/repository"/>
    <property name="java.vendor.url.bug" value="https://github.com/corretto/corretto-17/issues/"/>
    <property name="java.io.tmpdir" value="/var/folders/4h/gb_pnwvd66b3pn1knvgg2qg40000gn/T/"/>
    <property name="idea.version" value="2021.2.3"/>
    <property name="catalina.home" value="/private/var/folders/4h/gb_pnwvd66b3pn1knvgg2qg40000gn/T/tomcat.8080.18002948572444851705"/>
    <property name="java.version" value="17.0.2"/>
    <property name="user.dir" value="/Users/diegomorais/workspace/poc/lab/back-end-lw-account-holder/application"/>
    <property name="os.arch" value="x86_64"/>
    <property name="java.vm.specification.name" value="Java Virtual Machine Specification"/>
    <property name="PID" value="5304"/>
    <property name="CONSOLE_LOG_CHARSET" value="UTF-8"/>
    <property name="catalina.base" value="/private/var/folders/4h/gb_pnwvd66b3pn1knvgg2qg40000gn/T/tomcat.8080.18002948572444851705"/>
    <property name="native.encoding" value="UTF-8"/>
    <property name="java.library.path" value="/Users/diegomorais/Library/Java/Extensions:/Library/Java/Extensions:/Network/Library/Java/Extensions:/System/Library/Java/Extensions:/usr/lib/java:."/>
    <property name="java.vm.info" value="mixed mode, sharing"/>
    <property name="java.vendor" value="Amazon.com Inc."/>
    <property name="java.vm.version" value="17.0.2+8-LTS"/>
    <property name="sun.io.unicode.encoding" value="UnicodeBig"/>
    <property name="socksNonProxyHosts" value="local|*.local|169.254/16|*.169.254/16"/>
    <property name="java.class.version" value="61.0"/>
  </properties>
  <testcase name="applicationContextLoaded" classname="com.lukeware.application.ApplicationTest" time="1.005">
    <system-out><![CDATA[15:03:47.227 [main] DEBUG org.springframework.test.context.BootstrapUtils - Instantiating CacheAwareContextLoaderDelegate from class [org.springframework.test.context.cache.DefaultCacheAwareContextLoaderDelegate]
15:03:47.236 [main] DEBUG org.springframework.test.context.BootstrapUtils - Instantiating BootstrapContext using constructor [public org.springframework.test.context.support.DefaultBootstrapContext(java.lang.Class,org.springframework.test.context.CacheAwareContextLoaderDelegate)]
15:03:47.273 [main] DEBUG org.springframework.test.context.BootstrapUtils - Instantiating TestContextBootstrapper for test class [com.lukeware.application.ApplicationTest] from class [org.springframework.boot.test.context.SpringBootTestContextBootstrapper]
15:03:47.284 [main] INFO org.springframework.boot.test.context.SpringBootTestContextBootstrapper - Neither @ContextConfiguration nor @ContextHierarchy found for test class [com.lukeware.application.ApplicationTest], using SpringBootContextLoader
15:03:47.287 [main] DEBUG org.springframework.test.context.support.AbstractContextLoader - Did not detect default resource location for test class [com.lukeware.application.ApplicationTest]: class path resource [com/lukeware/application/ApplicationTest-context.xml] does not exist
15:03:47.288 [main] DEBUG org.springframework.test.context.support.AbstractContextLoader - Did not detect default resource location for test class [com.lukeware.application.ApplicationTest]: class path resource [com/lukeware/application/ApplicationTestContext.groovy] does not exist
15:03:47.288 [main] INFO org.springframework.test.context.support.AbstractContextLoader - Could not detect default resource locations for test class [com.lukeware.application.ApplicationTest]: no resource found for suffixes {-context.xml, Context.groovy}.
15:03:47.321 [main] DEBUG org.springframework.test.context.support.ActiveProfilesUtils - Could not find an 'annotation declaring class' for annotation type [org.springframework.test.context.ActiveProfiles] and class [com.lukeware.application.ApplicationTest]
15:03:47.437 [main] DEBUG org.springframework.boot.test.context.SpringBootTestContextBootstrapper - @TestExecutionListeners is not present for class [com.lukeware.application.ApplicationTest]: using defaults.
15:03:47.437 [main] INFO org.springframework.boot.test.context.SpringBootTestContextBootstrapper - Loaded default TestExecutionListener class names from location [META-INF/spring.factories]: [org.springframework.test.context.web.ServletTestExecutionListener, org.springframework.test.context.support.DirtiesContextBeforeModesTestExecutionListener, org.springframework.test.context.event.ApplicationEventsTestExecutionListener, org.springframework.test.context.support.DependencyInjectionTestExecutionListener, org.springframework.test.context.support.DirtiesContextTestExecutionListener, org.springframework.test.context.transaction.TransactionalTestExecutionListener, org.springframework.test.context.jdbc.SqlScriptsTestExecutionListener, org.springframework.test.context.event.EventPublishingTestExecutionListener, org.springframework.boot.test.mock.mockito.MockitoTestExecutionListener, org.springframework.boot.test.mock.mockito.ResetMocksTestExecutionListener]
15:03:47.444 [main] DEBUG org.springframework.boot.test.context.SpringBootTestContextBootstrapper - Skipping candidate TestExecutionListener [org.springframework.test.context.transaction.TransactionalTestExecutionListener] due to a missing dependency. Specify custom listener classes or make the default listener classes and their required dependencies available. Offending class: [org/springframework/transaction/interceptor/TransactionAttributeSource]
15:03:47.445 [main] DEBUG org.springframework.boot.test.context.SpringBootTestContextBootstrapper - Skipping candidate TestExecutionListener [org.springframework.test.context.jdbc.SqlScriptsTestExecutionListener] due to a missing dependency. Specify custom listener classes or make the default listener classes and their required dependencies available. Offending class: [org/springframework/transaction/interceptor/TransactionAttribute]
15:03:47.446 [main] INFO org.springframework.boot.test.context.SpringBootTestContextBootstrapper - Using TestExecutionListeners: [org.springframework.test.context.web.ServletTestExecutionListener@205d38da, org.springframework.test.context.support.DirtiesContextBeforeModesTestExecutionListener@6950ed69, org.springframework.test.context.event.ApplicationEventsTestExecutionListener@6dd7b5a3, org.springframework.boot.test.mock.mockito.MockitoTestExecutionListener@6f3187b0, org.springframework.test.context.support.DependencyInjectionTestExecutionListener@2663e964, org.springframework.test.context.support.DirtiesContextTestExecutionListener@48b67364, org.springframework.test.context.event.EventPublishingTestExecutionListener@189cbd7c, org.springframework.boot.test.mock.mockito.ResetMocksTestExecutionListener@7bf3a5d8]
15:03:47.449 [main] DEBUG org.springframework.test.context.support.AbstractDirtiesContextTestExecutionListener - Before test class: context [DefaultTestContext@3fa247d1 testClass = ApplicationTest, testInstance = [null], testMethod = [null], testException = [null], mergedContextConfiguration = [WebMergedContextConfiguration@2cb2fc20 testClass = ApplicationTest, locations = '{}', classes = '{class com.lukeware.application.Application}', contextInitializerClasses = '[]', activeProfiles = '{}', propertySourceLocations = '{}', propertySourceProperties = '{org.springframework.boot.test.context.SpringBootTestContextBootstrapper=true}', contextCustomizers = set[org.springframework.boot.test.context.filter.ExcludeFilterContextCustomizer@77eca502, org.springframework.boot.test.json.DuplicateJsonObjectContextCustomizerFactory$DuplicateJsonObjectContextCustomizer@61386958, org.springframework.boot.test.mock.mockito.MockitoContextCustomizer@0, org.springframework.boot.test.web.client.TestRestTemplateContextCustomizer@72cde7cc, org.springframework.boot.test.context.SpringBootTestArgs@1, org.springframework.boot.test.context.SpringBootTestWebEnvironment@5a1c0542], resourceBasePath = 'src/main/webapp', contextLoader = 'org.springframework.boot.test.context.SpringBootContextLoader', parent = [null]], attributes = map['org.springframework.test.context.web.ServletTestExecutionListener.activateListener' -> true]], class annotated with @DirtiesContext [false] with mode [null].

  .   ____          _            __ _ _
 /\\ / ___'_ __ _ _(_)_ __  __ _ \ \ \ \
( ( )\___ | '_ | '_| | '_ \/ _` | \ \ \ \
 \\/  ___)| |_)| | | | | || (_| |  ) ) ) )
  '  |____| .__|_| |_|_| |_\__, | / / / /
 =========|_|==============|___/=/_/_/_/
 :: Spring Boot ::                (v2.6.3)

2022-01-27 15:03:47.797  INFO 5304 --- [           main] c.lukeware.application.ApplicationTest   : Starting ApplicationTest using Java 17.0.2 on Diegos-MBP with PID 5304 (started by diegomorais in /Users/diegomorais/workspace/poc/lab/back-end-lw-account-holder/application)
2022-01-27 15:03:47.798  INFO 5304 --- [           main] c.lukeware.application.ApplicationTest   : No active profile set, falling back to default profiles: default
2022-01-27 15:03:49.409  INFO 5304 --- [           main] c.lukeware.application.ApplicationTest   : Started ApplicationTest in 1.921 seconds (JVM running for 2.852)

  .   ____          _            __ _ _
 /\\ / ___'_ __ _ _(_)_ __  __ _ \ \ \ \
( ( )\___ | '_ | '_| | '_ \/ _` | \ \ \ \
 \\/  ___)| |_)| | | | | || (_| |  ) ) ) )
  '  |____| .__|_| |_|_| |_\__, | / / / /
 =========|_|==============|___/=/_/_/_/
 :: Spring Boot ::                (v2.6.3)

2022-01-27 15:03:49.872  INFO 5304 --- [           main] com.lukeware.application.Application     : Starting Application using Java 17.0.2 on Diegos-MBP with PID 5304 (started by diegomorais in /Users/diegomorais/workspace/poc/lab/back-end-lw-account-holder/application)
2022-01-27 15:03:49.873  INFO 5304 --- [           main] com.lukeware.application.Application     : No active profile set, falling back to default profiles: default
2022-01-27 15:03:50.162  INFO 5304 --- [           main] o.s.b.w.embedded.tomcat.TomcatWebServer  : Tomcat initialized with port(s): 8080 (http)
2022-01-27 15:03:50.171  INFO 5304 --- [           main] o.apache.catalina.core.StandardService   : Starting service [Tomcat]
2022-01-27 15:03:50.172  INFO 5304 --- [           main] org.apache.catalina.core.StandardEngine  : Starting Servlet engine: [Apache Tomcat/9.0.56]
2022-01-27 15:03:50.250  INFO 5304 --- [           main] o.a.c.c.C.[Tomcat].[localhost].[/]       : Initializing Spring embedded WebApplicationContext
2022-01-27 15:03:50.251  INFO 5304 --- [           main] w.s.c.ServletWebServerApplicationContext : Root WebApplicationContext: initialization completed in 376 ms
2022-01-27 15:03:50.419  INFO 5304 --- [           main] o.s.b.w.embedded.tomcat.TomcatWebServer  : Tomcat started on port(s): 8080 (http) with context path ''
2022-01-27 15:03:50.422  INFO 5304 --- [           main] com.lukeware.application.Application     : Started Application in 0.58 seconds (JVM running for 3.865)
]]></system-out>
  </testcase>
</testsuite>